<component name="libraryTable">
  <library name="JUnit">
    <CLASSES>
      <root url="jar://$PROJECT_DIR$/../junit-4.10.jar!/" />
    </CLASSES>
    <JAVADOC />
    <SOURCES />
  </library>
</component>